<?xml version="1.0" encoding="UTF-8"?>
<!-- Generated by org.testng.reporters.JUnitReportReporter -->
<testsuite skipped="0" hostname="Gaffar" name="MavenExample.MyMavenDemo.RestApi" tests="2" failures="0" timestamp="18 Sep 2020 16:09:18 GMT" time="0.015" errors="0">
  <testcase name="apiExample" time="0.015" classname="MavenExample.MyMavenDemo.RestApi"/>
  <testcase name="apiExmaple2" time="0.000" classname="MavenExample.MyMavenDemo.RestApi"/>
</testsuite> <!-- MavenExample.MyMavenDemo.RestApi -->
